C:\Documents\!--Plans and Models--!\IIDX Deck\IIDX Deck.dwg,Model,10/15/2015 8:58:38 PM,tim,Foxit Reader PDF Printeraa.pc3,Previous paper size  (457.20 x 609.60 mm),1:1,
C:\Documents\!--Plans and Models--!\IIDX Deck\IIDX Deck.dwg,Model,10/15/2015 9:02:07 PM,tim,Foxit Reader PDF Printeraa.pc3,Previous paper size  (457.20 x 609.60 mm),1:1,
C:\Documents\!--Plans and Models--!\IIDX Deck\IIDX Deck.dwg,Model,10/15/2015 9:02:55 PM,tim,Foxit Reader PDF Printeraa.pc3,Previous paper size  (457.20 x 609.60 mm),1:1,
C:\Documents\!--Plans and Models--!\IIDX Deck\IIDX Deck.dwg,Model,10/19/2015 6:49:19 PM,tim,Foxit Reader PDF Printeraa.pc3,Previous paper size  (457.20 x 609.60 mm),1:1,
C:\Documents\!--Plans and Models--!\IIDX Deck\IIDX Deck.dwg,Model,10/19/2015 6:49:56 PM,tim,Foxit Reader PDF Printeraa.pc3,Previous paper size  (457.20 x 609.60 mm),1:1,
C:\Documents\!--Plans and Models--!\IIDX Deck\IIDX Deck.dwg,Model,10/19/2015 6:51:15 PM,tim,Foxit Reader PDF Printeraa.pc3,Previous paper size  (457.20 x 609.60 mm),1:1,
C:\Documents\!--Plans and Models--!\IIDX Deck\IIDX Deck.dwg,Model,10/19/2015 6:51:42 PM,tim,Foxit Reader PDF Printeraa.pc3,Previous paper size  (457.20 x 609.60 mm),1:1,
C:\Documents\!--Plans and Models--!\IIDX Deck\IIDX Deck.dwg,Model,10/19/2015 6:52:00 PM,tim,Foxit Reader PDF Printeraa.pc3,Previous paper size  (457.20 x 609.60 mm),1:1,
C:\Documents\!--Plans and Models--!\IIDX Deck\IIDX Deck.dwg,Model,10/19/2015 6:52:26 PM,tim,Foxit Reader PDF Printeraa.pc3,Previous paper size  (457.20 x 609.60 mm),1:1,
C:\Documents\!--Plans and Models--!\IIDX Deck\IIDX Deck.dwg,Model,10/19/2015 6:52:53 PM,tim,Foxit Reader PDF Printeraa.pc3,Previous paper size  (457.20 x 609.60 mm),1:1,
C:\Documents\!--Plans and Models--!\IIDX Deck\IIDX Deck.dwg,Model,10/19/2015 6:53:14 PM,tim,Foxit Reader PDF Printeraa.pc3,Previous paper size  (457.20 x 609.60 mm),1:1,
C:\Dropbox\Documents\!--Plans and Models--!\IIDX Deck\Wiki Holder Assembly.dwg,Model,11/9/2017 4:21:53 PM,Tim,PDFCreator,A2,1:1,
C:\Dropbox\Documents\!--Plans and Models--!\IIDX Deck\Wiki Holder Assembly.dwg,Model,11/9/2017 4:23:01 PM,Tim,PDFCreator,A2,1:1,
C:\Dropbox\Documents\!--Plans and Models--!\IIDX Deck\Wiki Holder Assembly.dwg,Model,11/9/2017 4:29:05 PM,Tim,PDFCreator,A2,1:1,
C:\Dropbox\Documents\!--Plans and Models--!\IIDX Deck\Wiki Holder Assembly.dwg,Model,11/9/2017 7:56:10 PM,Tim,PDFCreator,Letter,1:1,
C:\Dropbox\Documents\!--Plans and Models--!\IIDX Deck\Wiki Holder Assembly.dwg,Model,11/9/2017 7:56:29 PM,Tim,PDFCreator,Letter,1:1,
C:\Dropbox\Documents\!--Plans and Models--!\IIDX Deck\Wiki Holder Assembly.dwg,Model,11/9/2017 7:57:04 PM,Tim,PDFCreator,A2,1:1,
C:\Dropbox\Documents\!--Plans and Models--!\IIDX Deck\Wiki Holder Assembly.dwg,Model,11/9/2017 8:15:42 PM,Tim,PDFCreator,A2,1:1,
C:\Dropbox\Documents\!--Plans and Models--!\IIDX Deck\Wiki Holder Assembly.dwg,Model,11/9/2017 8:20:48 PM,Tim,PDFCreator,A2,1:1,
C:\Dropbox\Documents\!--Plans and Models--!\IIDX Deck\Wiki Holder Assembly.dwg,Model,11/9/2017 8:21:11 PM,Tim,PDFCreator,A2,1:1,
C:\Dropbox\Documents\!--Plans and Models--!\IIDX Deck\Wiki Holder Assembly.dwg,Model,11/9/2017 8:21:38 PM,Tim,PDFCreator,A2,1:1,
C:\Dropbox\Documents\!--Plans and Models--!\IIDX Deck\Wiki Holder Assembly.dwg,Model,11/9/2017 8:22:45 PM,Tim,PDFCreator,A2,1:1,
C:\Dropbox\Documents\!--Plans and Models--!\IIDX Deck\Wiki Holder Assembly.dwg,Model,11/10/2017 3:25:57 PM,Tim,PDFCreator,ARCH C,1:1,
C:\Dropbox\Documents\!--Plans and Models--!\IIDX Deck\Wiki Holder Assembly.dwg,Model,11/10/2017 3:33:33 PM,Tim,PDFCreator,ARCH C,1:1,
C:\Dropbox\Documents\!--Plans and Models--!\IIDX Deck\Wiki Holder Assembly.dwg,Model,11/11/2017 10:44:44 AM,tim,PDFCreator,Ledger,1:1,
C:\Dropbox\!--Projects--!\IIDX Deck\IIDX Deck - R14.dwg,Model,5/28/2018 1:19:09 PM,tim,PDFCreator,Ledger,1:72,
